Flow report for FinalProject
Wed Jun  7 09:06:21 2023
Quartus Prime Version 22.1std.0 Build 915 10/25/2022 SC Lite Edition


---------------------
; Table of Contents ;
---------------------
  1. Legal Notice
  2. Flow Summary
  3. Flow Settings
  4. Flow Non-Default Global Settings
  5. Flow Elapsed Time
  6. Flow OS Summary
  7. Flow Log
  8. Flow Messages
  9. Flow Suppressed Messages



----------------
; Legal Notice ;
----------------
Copyright (C) 2022  Intel Corporation. All rights reserved.
Your use of Intel Corporation's design tools, logic functions 
and other software and tools, and any partner logic 
functions, and any output files from any of the foregoing 
(including device programming or simulation files), and any 
associated documentation or information are expressly subject 
to the terms and conditions of the Intel Program License 
Subscription Agreement, the Intel Quartus Prime License Agreement,
the Intel FPGA IP License Agreement, or other applicable license
agreement, including, without limitation, that your use is for
the sole purpose of programming logic devices manufactured by
Intel and sold by Intel or its authorized distributors.  Please
refer to the applicable agreement for further details, at
https://fpgasoftware.intel.com/eula.



+------------------------------------------------------------------------+
; Flow Summary                                                           ;
+-----------------------+------------------------------------------------+
; Flow Status           ; Successful - Wed Jun  7 09:06:21 2023          ;
; Quartus Prime Version ; 22.1std.0 Build 915 10/25/2022 SC Lite Edition ;
; Revision Name         ; FinalProject                                   ;
; Top-level Entity Name ; clock_divider                                  ;
; Family                ; MAX V                                          ;
; Total logic elements  ; 17 / 40 ( 43 % )                               ;
; Total pins            ; 3 / 30 ( 10 % )                                ;
; Total virtual pins    ; 0                                              ;
; UFM blocks            ; 0 / 1 ( 0 % )                                  ;
; Device                ; 5M40ZM64C4                                     ;
; Timing Models         ; Final                                          ;
+-----------------------+------------------------------------------------+


+-----------------------------------------+
; Flow Settings                           ;
+-------------------+---------------------+
; Option            ; Setting             ;
+-------------------+---------------------+
; Start date & time ; 06/07/2023 09:06:00 ;
; Main task         ; Compilation         ;
; Revision Name     ; FinalProject        ;
+-------------------+---------------------+


+-----------------------------------------------------------------------------------------------------------------------------------------+
; Flow Non-Default Global Settings                                                                                                        ;
+--------------------------------------+--------------------------------+---------------+-------------+-----------------------------------+
; Assignment Name                      ; Value                          ; Default Value ; Entity Name ; Section Id                        ;
+--------------------------------------+--------------------------------+---------------+-------------+-----------------------------------+
; COMPILER_SIGNATURE_ID                ; 61722487579337.168611795903400 ; --            ; --          ; --                                ;
; EDA_DESIGN_ENTRY_SYNTHESIS_TOOL      ; Synplify                       ; <None>        ; --          ; --                                ;
; EDA_DESIGN_INSTANCE_NAME             ; NA                             ; --            ; --          ; clock_divider_tb                  ;
; EDA_DESIGN_INSTANCE_NAME             ; NA                             ; --            ; --          ; main_tb                           ;
; EDA_GENERATE_FUNCTIONAL_NETLIST      ; Off                            ; --            ; --          ; eda_board_design_timing           ;
; EDA_GENERATE_FUNCTIONAL_NETLIST      ; Off                            ; --            ; --          ; eda_board_design_boundary_scan    ;
; EDA_GENERATE_FUNCTIONAL_NETLIST      ; Off                            ; --            ; --          ; eda_board_design_signal_integrity ;
; EDA_GENERATE_FUNCTIONAL_NETLIST      ; Off                            ; --            ; --          ; eda_board_design_symbol           ;
; EDA_INPUT_DATA_FORMAT                ; Vqm                            ; --            ; --          ; eda_design_synthesis              ;
; EDA_LMF_FILE                         ; synplcty.lmf                   ; --            ; --          ; eda_design_synthesis              ;
; EDA_NATIVELINK_SIMULATION_TEST_BENCH ; main_tb                        ; --            ; --          ; eda_simulation                    ;
; EDA_OUTPUT_DATA_FORMAT               ; Vhdl                           ; --            ; --          ; eda_simulation                    ;
; EDA_SIMULATION_TOOL                  ; ModelSim (VHDL)                ; <None>        ; --          ; --                                ;
; EDA_TEST_BENCH_ENABLE_STATUS         ; TEST_BENCH_MODE                ; --            ; --          ; eda_simulation                    ;
; EDA_TEST_BENCH_FILE                  ; clock_divider_tb.vhd           ; --            ; --          ; clock_divider_tb                  ;
; EDA_TEST_BENCH_FILE                  ; main_tb.vhd                    ; --            ; --          ; main_tb                           ;
; EDA_TEST_BENCH_MODULE_NAME           ; clock_divider_tb               ; --            ; --          ; clock_divider_tb                  ;
; EDA_TEST_BENCH_MODULE_NAME           ; main_tb                        ; --            ; --          ; main_tb                           ;
; EDA_TEST_BENCH_NAME                  ; main_tb                        ; --            ; --          ; eda_simulation                    ;
; EDA_TEST_BENCH_NAME                  ; clock_divider_tb               ; --            ; --          ; eda_simulation                    ;
; EDA_TIME_SCALE                       ; 1 ps                           ; --            ; --          ; eda_simulation                    ;
; PROJECT_OUTPUT_DIRECTORY             ; output_files                   ; --            ; --          ; --                                ;
; TOP_LEVEL_ENTITY                     ; clock_divider                  ; FinalProject  ; --          ; --                                ;
+--------------------------------------+--------------------------------+---------------+-------------+-----------------------------------+


+--------------------------------------------------------------------------------------------------------------------------+
; Flow Elapsed Time                                                                                                        ;
+----------------------+--------------+-------------------------+---------------------+------------------------------------+
; Module Name          ; Elapsed Time ; Average Processors Used ; Peak Virtual Memory ; Total CPU Time (on all processors) ;
+----------------------+--------------+-------------------------+---------------------+------------------------------------+
; Analysis & Synthesis ; 00:00:13     ; 1.0                     ; 4774 MB             ; 00:00:34                           ;
; Fitter               ; 00:00:02     ; 1.0                     ; 5333 MB             ; 00:00:02                           ;
; Assembler            ; 00:00:00     ; 1.0                     ; 4678 MB             ; 00:00:01                           ;
; Timing Analyzer      ; 00:00:01     ; 1.0                     ; 4676 MB             ; 00:00:01                           ;
; EDA Netlist Writer   ; 00:00:00     ; 1.0                     ; 4620 MB             ; 00:00:01                           ;
; Total                ; 00:00:16     ; --                      ; --                  ; 00:00:39                           ;
+----------------------+--------------+-------------------------+---------------------+------------------------------------+


+-------------------------------------------------------------------------------------+
; Flow OS Summary                                                                     ;
+----------------------+-------------------+------------+------------+----------------+
; Module Name          ; Machine Hostname  ; OS Name    ; OS Version ; Processor type ;
+----------------------+-------------------+------------+------------+----------------+
; Analysis & Synthesis ; ENG-Baker-R-daher ; Windows 10 ; 10.0       ; x86_64         ;
; Fitter               ; ENG-Baker-R-daher ; Windows 10 ; 10.0       ; x86_64         ;
; Assembler            ; ENG-Baker-R-daher ; Windows 10 ; 10.0       ; x86_64         ;
; Timing Analyzer      ; ENG-Baker-R-daher ; Windows 10 ; 10.0       ; x86_64         ;
; EDA Netlist Writer   ; ENG-Baker-R-daher ; Windows 10 ; 10.0       ; x86_64         ;
+----------------------+-------------------+------------+------------+----------------+


------------
; Flow Log ;
------------
quartus_map --read_settings_files=on --write_settings_files=off FinalProject -c FinalProject
quartus_fit --read_settings_files=off --write_settings_files=off FinalProject -c FinalProject
quartus_asm --read_settings_files=off --write_settings_files=off FinalProject -c FinalProject
quartus_sta FinalProject -c FinalProject
quartus_eda --read_settings_files=off --write_settings_files=off FinalProject -c FinalProject



